<?xml version="1.0" encoding="UTF-8"?>
<testsuite xmlns:xsi="http://www.w3.org/2001/XMLSchema-instance" xsi:noNamespaceSchemaLocation="https://maven.apache.org/surefire/maven-surefire-plugin/xsd/surefire-test-report.xsd" name="edu.mimuw.po.marysia.proj2.InstrukcjaTest" time="0.03" tests="3" errors="0" skipped="0" failures="0">
  <properties>
[...]
</properties>
  <testcase name="IfTestFalsz" classname="edu.mimuw.po.marysia.proj2.InstrukcjaTest" time="0.002"/>
  <testcase name="WhileTest" classname="edu.mimuw.po.marysia.proj2.InstrukcjaTest" time="0.001"/>
  <testcase name="IfTestPrawda" classname="edu.mimuw.po.marysia.proj2.InstrukcjaTest" time="0.001"/>
</testsuite>